<?xml version="1.0" encoding="UTF-8"?>
<!-- Generated by org.testng.reporters.JUnitXMLReporter -->
<testsuite ignored="0" hostname="DESKTOP-2V9OQ41" failures="0" tests="4" name="Default test" time="41.563" errors="0" timestamp="2021-09-27T10:19:30 IST">
  <testcase classname="test.LoginTest" name="loginWithUsernameAndPassword" time="3.541"/>
  <testcase classname="test.LoginTest" name="loginWithUsernameAndPassword" time="3.46"/>
  <testcase classname="test.LoginTest" name="loginErrorValidation" time="3.644"/>
  <testcase classname="test.LoginTest" name="loginErrorValidation" time="3.7"/>
</testsuite> <!-- Default test -->
