<?xml version="1.0" encoding="UTF-8"?>
<testng-results ignored="0" total="4" passed="4" failed="0" skipped="0">
  <reporter-output>
  </reporter-output>
  <suite started-at="2021-09-27T10:18:49 IST" name="Default suite" finished-at="2021-09-27T10:19:30 IST" duration-ms="41563">
    <groups>
    </groups>
    <test started-at="2021-09-27T10:18:49 IST" name="Default test" finished-at="2021-09-27T10:19:30 IST" duration-ms="41563">
      <class name="test.LoginTest">
        <test-method is-config="true" signature="setUpTest()[pri:0, instance:test.LoginTest@506ae4d4]" started-at="2021-09-27T10:18:48 IST" name="setUpTest" finished-at="2021-09-27T10:18:49 IST" duration-ms="487" status="PASS">
          <reporter-output>
          </reporter-output>
        </test-method> <!-- setUpTest -->
        <test-method is-config="true" signature="beforeTest()[pri:0, instance:test.LoginTest@506ae4d4]" started-at="2021-09-27T10:18:50 IST" name="beforeTest" finished-at="2021-09-27T10:18:56 IST" duration-ms="6238" status="PASS">
          <reporter-output>
          </reporter-output>
        </test-method> <!-- beforeTest -->
        <test-method signature="loginWithUsernameAndPassword(java.lang.String,java.lang.String)[pri:0, instance:test.LoginTest@506ae4d4]" started-at="2021-09-27T10:18:56 IST" name="loginWithUsernameAndPassword" data-provider="loginCredentials" finished-at="2021-09-27T10:18:59 IST" duration-ms="3541" status="PASS">
          <params>
            <param index="0">
              <value>
                <![CDATA[John Doe]]>
              </value>
            </param>
            <param index="1">
              <value>
                <![CDATA[ThisIsNotAPassword]]>
              </value>
            </param>
          </params>
          <reporter-output>
          </reporter-output>
        </test-method> <!-- loginWithUsernameAndPassword -->
        <test-method is-config="true" signature="afterTest()[pri:0, instance:test.LoginTest@506ae4d4]" started-at="2021-09-27T10:18:59 IST" name="afterTest" finished-at="2021-09-27T10:19:00 IST" duration-ms="789" status="PASS">
          <reporter-output>
          </reporter-output>
        </test-method> <!-- afterTest -->
        <test-method is-config="true" signature="beforeTest()[pri:0, instance:test.LoginTest@506ae4d4]" started-at="2021-09-27T10:19:00 IST" name="beforeTest" finished-at="2021-09-27T10:19:06 IST" duration-ms="5379" status="PASS">
          <reporter-output>
          </reporter-output>
        </test-method> <!-- beforeTest -->
        <test-method signature="loginWithUsernameAndPassword(java.lang.String,java.lang.String)[pri:0, instance:test.LoginTest@506ae4d4]" started-at="2021-09-27T10:19:06 IST" name="loginWithUsernameAndPassword" data-provider="loginCredentials" finished-at="2021-09-27T10:19:09 IST" duration-ms="3460" status="PASS">
          <params>
            <param index="0">
              <value>
                <![CDATA[Test]]>
              </value>
            </param>
            <param index="1">
              <value>
                <![CDATA[Test1]]>
              </value>
            </param>
          </params>
          <reporter-output>
          </reporter-output>
        </test-method> <!-- loginWithUsernameAndPassword -->
        <test-method is-config="true" signature="afterTest()[pri:0, instance:test.LoginTest@506ae4d4]" started-at="2021-09-27T10:19:09 IST" name="afterTest" finished-at="2021-09-27T10:19:10 IST" duration-ms="800" status="PASS">
          <reporter-output>
          </reporter-output>
        </test-method> <!-- afterTest -->
        <test-method is-config="true" signature="beforeTest()[pri:0, instance:test.LoginTest@506ae4d4]" started-at="2021-09-27T10:19:10 IST" name="beforeTest" finished-at="2021-09-27T10:19:16 IST" duration-ms="5837" status="PASS">
          <reporter-output>
          </reporter-output>
        </test-method> <!-- beforeTest -->
        <test-method signature="loginErrorValidation(java.lang.String,java.lang.String)[pri:1, instance:test.LoginTest@506ae4d4]" started-at="2021-09-27T10:19:16 IST" name="loginErrorValidation" data-provider="loginCredentials" finished-at="2021-09-27T10:19:19 IST" duration-ms="3644" status="PASS">
          <params>
            <param index="0">
              <value>
                <![CDATA[John Doe]]>
              </value>
            </param>
            <param index="1">
              <value>
                <![CDATA[ThisIsNotAPassword]]>
              </value>
            </param>
          </params>
          <reporter-output>
          </reporter-output>
        </test-method> <!-- loginErrorValidation -->
        <test-method is-config="true" signature="afterTest()[pri:0, instance:test.LoginTest@506ae4d4]" started-at="2021-09-27T10:19:19 IST" name="afterTest" finished-at="2021-09-27T10:19:21 IST" duration-ms="1209" status="PASS">
          <reporter-output>
          </reporter-output>
        </test-method> <!-- afterTest -->
        <test-method is-config="true" signature="beforeTest()[pri:0, instance:test.LoginTest@506ae4d4]" started-at="2021-09-27T10:19:21 IST" name="beforeTest" finished-at="2021-09-27T10:19:26 IST" duration-ms="5207" status="PASS">
          <reporter-output>
          </reporter-output>
        </test-method> <!-- beforeTest -->
        <test-method signature="loginErrorValidation(java.lang.String,java.lang.String)[pri:1, instance:test.LoginTest@506ae4d4]" started-at="2021-09-27T10:19:26 IST" name="loginErrorValidation" data-provider="loginCredentials" finished-at="2021-09-27T10:19:29 IST" duration-ms="3700" status="PASS">
          <params>
            <param index="0">
              <value>
                <![CDATA[Test]]>
              </value>
            </param>
            <param index="1">
              <value>
                <![CDATA[Test1]]>
              </value>
            </param>
          </params>
          <reporter-output>
          </reporter-output>
        </test-method> <!-- loginErrorValidation -->
        <test-method is-config="true" signature="afterTest()[pri:0, instance:test.LoginTest@506ae4d4]" started-at="2021-09-27T10:19:29 IST" name="afterTest" finished-at="2021-09-27T10:19:30 IST" duration-ms="821" status="PASS">
          <reporter-output>
          </reporter-output>
        </test-method> <!-- afterTest -->
        <test-method is-config="true" signature="tearDown()[pri:0, instance:test.LoginTest@506ae4d4]" started-at="2021-09-27T10:19:30 IST" name="tearDown" finished-at="2021-09-27T10:19:31 IST" duration-ms="649" status="PASS">
          <reporter-output>
          </reporter-output>
        </test-method> <!-- tearDown -->
      </class> <!-- test.LoginTest -->
    </test> <!-- Default test -->
  </suite> <!-- Default suite -->
</testng-results>
