<?xml version="1.0" encoding="UTF-8"?>
<testng-results ignored="0" total="1" passed="1" failed="0" skipped="0">
  <reporter-output>
  </reporter-output>
  <suite started-at="2021-10-06T12:46:33 IST" name="Default suite" finished-at="2021-10-06T12:46:34 IST" duration-ms="1246">
    <groups>
    </groups>
    <test started-at="2021-10-06T12:46:33 IST" name="Default test" finished-at="2021-10-06T12:46:34 IST" duration-ms="1246">
      <class name="dbConnection.DbConnection">
        <test-method signature="DBConnect()[pri:0, instance:dbConnection.DbConnection@1a18644]" started-at="2021-10-06T12:46:33 IST" name="DBConnect" finished-at="2021-10-06T12:46:34 IST" duration-ms="1134" status="PASS">
          <reporter-output>
          </reporter-output>
        </test-method> <!-- DBConnect -->
      </class> <!-- dbConnection.DbConnection -->
    </test> <!-- Default test -->
  </suite> <!-- Default suite -->
</testng-results>
